<?xml version="1.0" encoding="UTF-8"?>
<!-- Generated by org.testng.reporters.JUnitReportReporter -->
<testsuite skipped="0" hostname="LAPTOP-9LCHBN5S" name="com.scripts.actitime.TestActitimeLoginPage" tests="1" failures="0" timestamp="04 Jun 2020 19:36:59 GMT" time="3.414" errors="0">
  <testcase name="login" time="3.414" classname="com.scripts.actitime.TestActitimeLoginPage"/>
</testsuite> <!-- com.scripts.actitime.TestActitimeLoginPage -->
